<?xml version="1.0" encoding="UTF-8"?>
<testng-results ignored="0" total="1" passed="1" failed="0" skipped="0">
  <reporter-output>
  </reporter-output>
  <suite started-at="2024-10-22T23:40:43 IST" name="Default suite" finished-at="2024-10-22T23:41:45 IST" duration-ms="61345">
    <groups>
    </groups>
    <test started-at="2024-10-22T23:40:43 IST" name="Default test" finished-at="2024-10-22T23:41:45 IST" duration-ms="61345">
      <class name="Test.VerifyFlightBooking">
        <test-method is-config="true" signature="launchBrowser()[pri:0, instance:Test.VerifyFlightBooking@76505305]" started-at="2024-10-22T23:40:43 IST" name="launchBrowser" finished-at="2024-10-22T23:40:59 IST" duration-ms="15711" status="PASS">
          <reporter-output>
          </reporter-output>
        </test-method> <!-- launchBrowser -->
        <test-method is-config="true" signature="createPomObject()[pri:0, instance:Test.VerifyFlightBooking@76505305]" started-at="2024-10-22T23:41:00 IST" name="createPomObject" finished-at="2024-10-22T23:41:00 IST" duration-ms="624" status="PASS">
          <reporter-output>
          </reporter-output>
        </test-method> <!-- createPomObject -->
        <test-method signature="verifyFligthBookings()[pri:0, instance:Test.VerifyFlightBooking@76505305]" started-at="2024-10-22T23:41:00 IST" name="verifyFligthBookings" finished-at="2024-10-22T23:41:44 IST" duration-ms="43634" status="PASS">
          <reporter-output>
          </reporter-output>
        </test-method> <!-- verifyFligthBookings -->
        <test-method is-config="true" signature="closeBrowser()[pri:0, instance:Test.VerifyFlightBooking@76505305]" started-at="2024-10-22T23:41:44 IST" name="closeBrowser" finished-at="2024-10-22T23:41:45 IST" duration-ms="653" status="PASS">
          <reporter-output>
          </reporter-output>
        </test-method> <!-- closeBrowser -->
        <test-method is-config="true" signature="garbageCollector()[pri:0, instance:Test.VerifyFlightBooking@76505305]" started-at="2024-10-22T23:41:45 IST" name="garbageCollector" finished-at="2024-10-22T23:41:45 IST" duration-ms="52" status="PASS">
          <reporter-output>
          </reporter-output>
        </test-method> <!-- garbageCollector -->
      </class> <!-- Test.VerifyFlightBooking -->
    </test> <!-- Default test -->
  </suite> <!-- Default suite -->
</testng-results>
